<?xml version="1.0" encoding="UTF-8"?>
<testsuite xmlns:xsi="http://www.w3.org/2001/XMLSchema-instance" xsi:noNamespaceSchemaLocation="https://maven.apache.org/surefire/maven-surefire-plugin/xsd/surefire-test-report.xsd" name="com.sd.laborator.HelloTest" time="0.034" tests="1" errors="0" skipped="1" failures="0">
  <properties>
    <property name="awt.toolkit" value="sun.awt.X11.XToolkit"/>
    <property name="java.specification.version" value="11"/>
    <property name="sun.cpu.isalist" value=""/>
    <property name="sun.jnu.encoding" value="UTF-8"/>
    <property name="java.class.path" value="/home/student/Documents/SD_labs/SD_examen/Microserviciu pentru fiecare operatie CRUD + jurnalizare/exemplu_beerapp/BeerApp/target/test-classes:/home/student/Documents/SD_labs/SD_examen/Microserviciu pentru fiecare operatie CRUD + jurnalizare/exemplu_beerapp/BeerApp/target/classes:/home/student/.m2/repository/org/jetbrains/kotlin/kotlin-stdlib/1.6.0/kotlin-stdlib-1.6.0.jar:/home/student/.m2/repository/org/jetbrains/annotations/13.0/annotations-13.0.jar:/home/student/.m2/repository/org/jetbrains/kotlin/kotlin-stdlib-common/1.6.0/kotlin-stdlib-common-1.6.0.jar:/home/student/.m2/repository/org/jetbrains/kotlin/kotlin-test-junit/1.6.0/kotlin-test-junit-1.6.0.jar:/home/student/.m2/repository/org/jetbrains/kotlin/kotlin-test/1.6.0/kotlin-test-1.6.0.jar:/home/student/.m2/repository/junit/junit/4.12/junit-4.12.jar:/home/student/.m2/repository/org/hamcrest/hamcrest-core/2.2/hamcrest-core-2.2.jar:/home/student/.m2/repository/org/hamcrest/hamcrest/2.2/hamcrest-2.2.jar:/home/student/.m2/repository/org/springframework/boot/spring-boot-starter-jdbc/2.3.12.RELEASE/spring-boot-starter-jdbc-2.3.12.RELEASE.jar:/home/student/.m2/repository/org/springframework/boot/spring-boot-starter/2.3.12.RELEASE/spring-boot-starter-2.3.12.RELEASE.jar:/home/student/.m2/repository/org/springframework/boot/spring-boot/2.3.12.RELEASE/spring-boot-2.3.12.RELEASE.jar:/home/student/.m2/repository/org/springframework/boot/spring-boot-autoconfigure/2.3.12.RELEASE/spring-boot-autoconfigure-2.3.12.RELEASE.jar:/home/student/.m2/repository/org/springframework/boot/spring-boot-starter-logging/2.3.12.RELEASE/spring-boot-starter-logging-2.3.12.RELEASE.jar:/home/student/.m2/repository/ch/qos/logback/logback-classic/1.2.3/logback-classic-1.2.3.jar:/home/student/.m2/repository/ch/qos/logback/logback-core/1.2.3/logback-core-1.2.3.jar:/home/student/.m2/repository/org/apache/logging/log4j/log4j-to-slf4j/2.13.3/log4j-to-slf4j-2.13.3.jar:/home/student/.m2/repository/org/apache/logging/log4j/log4j-api/2.13.3/log4j-api-2.13.3.jar:/home/student/.m2/repository/org/slf4j/jul-to-slf4j/1.7.30/jul-to-slf4j-1.7.30.jar:/home/student/.m2/repository/jakarta/annotation/jakarta.annotation-api/1.3.5/jakarta.annotation-api-1.3.5.jar:/home/student/.m2/repository/org/springframework/spring-core/5.2.15.RELEASE/spring-core-5.2.15.RELEASE.jar:/home/student/.m2/repository/org/springframework/spring-jcl/5.2.15.RELEASE/spring-jcl-5.2.15.RELEASE.jar:/home/student/.m2/repository/org/yaml/snakeyaml/1.26/snakeyaml-1.26.jar:/home/student/.m2/repository/com/zaxxer/HikariCP/3.4.5/HikariCP-3.4.5.jar:/home/student/.m2/repository/org/slf4j/slf4j-api/1.7.30/slf4j-api-1.7.30.jar:/home/student/.m2/repository/org/springframework/spring-jdbc/5.2.15.RELEASE/spring-jdbc-5.2.15.RELEASE.jar:/home/student/.m2/repository/org/springframework/spring-beans/5.2.15.RELEASE/spring-beans-5.2.15.RELEASE.jar:/home/student/.m2/repository/org/springframework/spring-tx/5.2.15.RELEASE/spring-tx-5.2.15.RELEASE.jar:/home/student/.m2/repository/org/xerial/sqlite-jdbc/3.36.0.2/sqlite-jdbc-3.36.0.2.jar:/home/student/.m2/repository/org/springframework/boot/spring-boot-starter-amqp/2.3.12.RELEASE/spring-boot-starter-amqp-2.3.12.RELEASE.jar:/home/student/.m2/repository/org/springframework/spring-messaging/5.2.15.RELEASE/spring-messaging-5.2.15.RELEASE.jar:/home/student/.m2/repository/org/springframework/amqp/spring-rabbit/2.2.18.RELEASE/spring-rabbit-2.2.18.RELEASE.jar:/home/student/.m2/repository/com/rabbitmq/amqp-client/5.9.0/amqp-client-5.9.0.jar:/home/student/.m2/repository/org/springframework/amqp/spring-amqp/2.2.18.RELEASE/spring-amqp-2.2.18.RELEASE.jar:/home/student/.m2/repository/org/springframework/retry/spring-retry/1.2.5.RELEASE/spring-retry-1.2.5.RELEASE.jar:/home/student/.m2/repository/org/springframework/spring-context/5.2.15.RELEASE/spring-context-5.2.15.RELEASE.jar:/home/student/.m2/repository/org/springframework/spring-aop/5.2.15.RELEASE/spring-aop-5.2.15.RELEASE.jar:/home/student/.m2/repository/org/springframework/spring-expression/5.2.15.RELEASE/spring-expression-5.2.15.RELEASE.jar:/home/student/.m2/repository/org/jetbrains/kotlinx/kotlinx-serialization-json/1.3.3/kotlinx-serialization-json-1.3.3.jar:/home/student/.m2/repository/org/jetbrains/kotlinx/kotlinx-serialization-json-jvm/1.3.3/kotlinx-serialization-json-jvm-1.3.3.jar:/home/student/.m2/repository/org/jetbrains/kotlinx/kotlinx-serialization-core-jvm/1.3.3/kotlinx-serialization-core-jvm-1.3.3.jar:"/>
    <property name="java.vm.vendor" value="Oracle Corporation"/>
    <property name="sun.arch.data.model" value="64"/>
    <property name="java.vendor.url" value="https://openjdk.java.net/"/>
    <property name="user.timezone" value=""/>
    <property name="java.vm.specification.version" value="11"/>
    <property name="os.name" value="Linux"/>
    <property name="sun.java.launcher" value="SUN_STANDARD"/>
    <property name="user.country" value="US"/>
    <property name="sun.boot.library.path" value="/usr/lib/jvm/jdk-11.0.12/lib"/>
    <property name="sun.java.command" value="/home/student/Documents/SD_labs/SD_examen/Microserviciu pentru fiecare operatie CRUD + jurnalizare/exemplu_beerapp/BeerApp/target/surefire/surefirebooter5005189232542832530.jar /home/student/Documents/SD_labs/SD_examen/Microserviciu pentru fiecare operatie CRUD + jurnalizare/exemplu_beerapp/BeerApp/target/surefire 2023-06-23T18-17-11_146-jvmRun1 surefire2777429668167329881tmp surefire_05770007878176255839tmp"/>
    <property name="jdk.debug" value="release"/>
    <property name="surefire.test.class.path" value="/home/student/Documents/SD_labs/SD_examen/Microserviciu pentru fiecare operatie CRUD + jurnalizare/exemplu_beerapp/BeerApp/target/test-classes:/home/student/Documents/SD_labs/SD_examen/Microserviciu pentru fiecare operatie CRUD + jurnalizare/exemplu_beerapp/BeerApp/target/classes:/home/student/.m2/repository/org/jetbrains/kotlin/kotlin-stdlib/1.6.0/kotlin-stdlib-1.6.0.jar:/home/student/.m2/repository/org/jetbrains/annotations/13.0/annotations-13.0.jar:/home/student/.m2/repository/org/jetbrains/kotlin/kotlin-stdlib-common/1.6.0/kotlin-stdlib-common-1.6.0.jar:/home/student/.m2/repository/org/jetbrains/kotlin/kotlin-test-junit/1.6.0/kotlin-test-junit-1.6.0.jar:/home/student/.m2/repository/org/jetbrains/kotlin/kotlin-test/1.6.0/kotlin-test-1.6.0.jar:/home/student/.m2/repository/junit/junit/4.12/junit-4.12.jar:/home/student/.m2/repository/org/hamcrest/hamcrest-core/2.2/hamcrest-core-2.2.jar:/home/student/.m2/repository/org/hamcrest/hamcrest/2.2/hamcrest-2.2.jar:/home/student/.m2/repository/org/springframework/boot/spring-boot-starter-jdbc/2.3.12.RELEASE/spring-boot-starter-jdbc-2.3.12.RELEASE.jar:/home/student/.m2/repository/org/springframework/boot/spring-boot-starter/2.3.12.RELEASE/spring-boot-starter-2.3.12.RELEASE.jar:/home/student/.m2/repository/org/springframework/boot/spring-boot/2.3.12.RELEASE/spring-boot-2.3.12.RELEASE.jar:/home/student/.m2/repository/org/springframework/boot/spring-boot-autoconfigure/2.3.12.RELEASE/spring-boot-autoconfigure-2.3.12.RELEASE.jar:/home/student/.m2/repository/org/springframework/boot/spring-boot-starter-logging/2.3.12.RELEASE/spring-boot-starter-logging-2.3.12.RELEASE.jar:/home/student/.m2/repository/ch/qos/logback/logback-classic/1.2.3/logback-classic-1.2.3.jar:/home/student/.m2/repository/ch/qos/logback/logback-core/1.2.3/logback-core-1.2.3.jar:/home/student/.m2/repository/org/apache/logging/log4j/log4j-to-slf4j/2.13.3/log4j-to-slf4j-2.13.3.jar:/home/student/.m2/repository/org/apache/logging/log4j/log4j-api/2.13.3/log4j-api-2.13.3.jar:/home/student/.m2/repository/org/slf4j/jul-to-slf4j/1.7.30/jul-to-slf4j-1.7.30.jar:/home/student/.m2/repository/jakarta/annotation/jakarta.annotation-api/1.3.5/jakarta.annotation-api-1.3.5.jar:/home/student/.m2/repository/org/springframework/spring-core/5.2.15.RELEASE/spring-core-5.2.15.RELEASE.jar:/home/student/.m2/repository/org/springframework/spring-jcl/5.2.15.RELEASE/spring-jcl-5.2.15.RELEASE.jar:/home/student/.m2/repository/org/yaml/snakeyaml/1.26/snakeyaml-1.26.jar:/home/student/.m2/repository/com/zaxxer/HikariCP/3.4.5/HikariCP-3.4.5.jar:/home/student/.m2/repository/org/slf4j/slf4j-api/1.7.30/slf4j-api-1.7.30.jar:/home/student/.m2/repository/org/springframework/spring-jdbc/5.2.15.RELEASE/spring-jdbc-5.2.15.RELEASE.jar:/home/student/.m2/repository/org/springframework/spring-beans/5.2.15.RELEASE/spring-beans-5.2.15.RELEASE.jar:/home/student/.m2/repository/org/springframework/spring-tx/5.2.15.RELEASE/spring-tx-5.2.15.RELEASE.jar:/home/student/.m2/repository/org/xerial/sqlite-jdbc/3.36.0.2/sqlite-jdbc-3.36.0.2.jar:/home/student/.m2/repository/org/springframework/boot/spring-boot-starter-amqp/2.3.12.RELEASE/spring-boot-starter-amqp-2.3.12.RELEASE.jar:/home/student/.m2/repository/org/springframework/spring-messaging/5.2.15.RELEASE/spring-messaging-5.2.15.RELEASE.jar:/home/student/.m2/repository/org/springframework/amqp/spring-rabbit/2.2.18.RELEASE/spring-rabbit-2.2.18.RELEASE.jar:/home/student/.m2/repository/com/rabbitmq/amqp-client/5.9.0/amqp-client-5.9.0.jar:/home/student/.m2/repository/org/springframework/amqp/spring-amqp/2.2.18.RELEASE/spring-amqp-2.2.18.RELEASE.jar:/home/student/.m2/repository/org/springframework/retry/spring-retry/1.2.5.RELEASE/spring-retry-1.2.5.RELEASE.jar:/home/student/.m2/repository/org/springframework/spring-context/5.2.15.RELEASE/spring-context-5.2.15.RELEASE.jar:/home/student/.m2/repository/org/springframework/spring-aop/5.2.15.RELEASE/spring-aop-5.2.15.RELEASE.jar:/home/student/.m2/repository/org/springframework/spring-expression/5.2.15.RELEASE/spring-expression-5.2.15.RELEASE.jar:/home/student/.m2/repository/org/jetbrains/kotlinx/kotlinx-serialization-json/1.3.3/kotlinx-serialization-json-1.3.3.jar:/home/student/.m2/repository/org/jetbrains/kotlinx/kotlinx-serialization-json-jvm/1.3.3/kotlinx-serialization-json-jvm-1.3.3.jar:/home/student/.m2/repository/org/jetbrains/kotlinx/kotlinx-serialization-core-jvm/1.3.3/kotlinx-serialization-core-jvm-1.3.3.jar:"/>
    <property name="sun.cpu.endian" value="little"/>
    <property name="user.home" value="/home/student"/>
    <property name="user.language" value="en"/>
    <property name="java.specification.vendor" value="Oracle Corporation"/>
    <property name="java.version.date" value="2021-07-20"/>
    <property name="java.home" value="/usr/lib/jvm/jdk-11.0.12"/>
    <property name="file.separator" value="/"/>
    <property name="basedir" value="/home/student/Documents/SD_labs/SD_examen/Microserviciu pentru fiecare operatie CRUD + jurnalizare/exemplu_beerapp/BeerApp"/>
    <property name="java.vm.compressedOopsMode" value="32-bit"/>
    <property name="line.separator" value="&#10;"/>
    <property name="java.specification.name" value="Java Platform API Specification"/>
    <property name="java.vm.specification.vendor" value="Oracle Corporation"/>
    <property name="java.awt.graphicsenv" value="sun.awt.X11GraphicsEnvironment"/>
    <property name="surefire.real.class.path" value="/home/student/Documents/SD_labs/SD_examen/Microserviciu pentru fiecare operatie CRUD + jurnalizare/exemplu_beerapp/BeerApp/target/surefire/surefirebooter5005189232542832530.jar"/>
    <property name="sun.management.compiler" value="HotSpot 64-Bit Tiered Compilers"/>
    <property name="java.runtime.version" value="11.0.12+8-LTS-237"/>
    <property name="user.name" value="student"/>
    <property name="path.separator" value=":"/>
    <property name="os.version" value="5.10.0-23-amd64"/>
    <property name="java.runtime.name" value="Java(TM) SE Runtime Environment"/>
    <property name="file.encoding" value="UTF-8"/>
    <property name="java.vm.name" value="Java HotSpot(TM) 64-Bit Server VM"/>
    <property name="java.vendor.version" value="18.9"/>
    <property name="localRepository" value="/home/student/.m2/repository"/>
    <property name="java.vendor.url.bug" value="https://bugreport.java.com/bugreport/"/>
    <property name="java.io.tmpdir" value="/tmp"/>
    <property name="idea.version" value="2023.1.3"/>
    <property name="java.version" value="11.0.12"/>
    <property name="user.dir" value="/home/student/Documents/SD_labs/SD_examen/Microserviciu pentru fiecare operatie CRUD + jurnalizare/exemplu_beerapp/BeerApp"/>
    <property name="os.arch" value="amd64"/>
    <property name="java.vm.specification.name" value="Java Virtual Machine Specification"/>
    <property name="java.awt.printerjob" value="sun.print.PSPrinterJob"/>
    <property name="sun.os.patch.level" value="unknown"/>
    <property name="java.library.path" value="/usr/java/packages/lib:/usr/lib64:/lib64:/lib:/usr/lib"/>
    <property name="java.vendor" value="Oracle Corporation"/>
    <property name="java.vm.info" value="mixed mode"/>
    <property name="java.vm.version" value="11.0.12+8-LTS-237"/>
    <property name="sun.io.unicode.encoding" value="UnicodeLittle"/>
    <property name="java.class.version" value="55.0"/>
  </properties>
  <testcase name="test" classname="com.sd.laborator.HelloTest" time="0">
    <skipped/>
  </testcase>
</testsuite>